/*C1*/SET SCHEMA SYSTEM_LOBS
INSERT INTO BLOCKS VALUES(0,2147483647,0)
COMMIT
/*C2*/SET SCHEMA PUBLIC
create table produto (id bigint generated by default as identity (start with 1), nome varchar(255), preco numeric(19,2), quantidade integer not null, primary key (id))
INSERT INTO PRODUTO VALUES(1,'Bola de futebol',99.99,0)
COMMIT
INSERT INTO PRODUTO VALUES(2,'Bola de volei',59.99,0)
COMMIT
DELETE FROM PRODUTO WHERE ID=1
INSERT INTO PRODUTO VALUES(1,'Bola de basquete',159.99,0)
COMMIT
INSERT INTO PRODUTO VALUES(3,'Bola de futebol',89.99,0)
COMMIT
DELETE FROM PRODUTO WHERE ID=1
INSERT INTO PRODUTO VALUES(1,'Bola de basquete',159.99,20)
COMMIT
DELETE FROM PRODUTO WHERE ID=2
INSERT INTO PRODUTO VALUES(2,'Bola de volei',59.99,100)
COMMIT
DELETE FROM PRODUTO WHERE ID=3
INSERT INTO PRODUTO VALUES(3,'Bola de futebol',89.99,30)
COMMIT
DELETE FROM PRODUTO WHERE ID=1
COMMIT
